<?xml version="1.0" encoding="UTF-8"?>
<!-- Generated by org.testng.reporters.JUnitReportReporter -->
<testsuite hostname="LAPTOP-OBT36B41" failures="0" tests="1" name="com.TestNG.ParamterAnnotation" time="35.875" errors="0" timestamp="2023-08-04T20:43:20 EDT" skipped="0">
  <testcase classname="com.TestNG.ParamterAnnotation" name="LaunchAmazon" time="35.875"/>
</testsuite> <!-- com.TestNG.ParamterAnnotation -->
