<?xml version="1.0" encoding="UTF-8"?>
<!-- Generated by org.testng.reporters.JUnitReportReporter -->
<testsuite hostname="LAPTOP-OBT36B41" failures="0" tests="1" name="com.TestNG.ExceptionHandling" time="0.011" errors="0" timestamp="2023-08-01T20:22:53 EDT" skipped="0">
  <testcase classname="com.TestNG.ExceptionHandling" name="errorhandle" time="0.011"/>
</testsuite> <!-- com.TestNG.ExceptionHandling -->
