<?xml version="1.0" encoding="UTF-8"?>
<!-- Generated by org.testng.reporters.JUnitReportReporter -->
<testsuite hostname="LAPTOP-OBT36B41" failures="0" tests="5" name="com.TestNG.TestNGGroups" time="0.022" errors="0" timestamp="2023-08-01T20:08:06 EDT" skipped="0">
  <testcase classname="com.TestNG.TestNGGroups" name="logout" time="0.003"/>
  <testcase classname="com.TestNG.TestNGGroups" name="productsearch" time="0.003"/>
  <testcase classname="com.TestNG.TestNGGroups" name="LoginpageSubmitButtonTest" time="0.004"/>
  <testcase classname="com.TestNG.TestNGGroups" name="productadding" time="0.003"/>
  <testcase classname="com.TestNG.TestNGGroups" name="LoginPageUsernameTest" time="0.009"/>
</testsuite> <!-- com.TestNG.TestNGGroups -->
