<?xml version="1.0" encoding="UTF-8"?>
<!-- Generated by org.testng.reporters.JUnitReportReporter -->
<testsuite hostname="LAPTOP-OBT36B41" failures="0" tests="1" name="com.TestNG.ParamaterAnnotation" time="21.122" errors="0" timestamp="2023-08-04T21:27:17 EDT" skipped="0">
  <testcase classname="com.TestNG.ParamaterAnnotation" name="ParametersTest" time="21.122"/>
</testsuite> <!-- com.TestNG.ParamaterAnnotation -->
