<?xml version="1.0" encoding="UTF-8"?>
<!-- Generated by org.testng.reporters.JUnitReportReporter -->
<testsuite hostname="LAPTOP-OBT36B41" failures="0" tests="2" name="com.TestNG.TestNGAmazon" time="9.032" errors="0" timestamp="2023-07-31T21:16:16 EDT" skipped="0">
  <testcase classname="com.TestNG.TestNGAmazon" name="LaunchingTestNgWebsite" time="9.028"/>
  <testcase classname="com.TestNG.TestNGAmazon" name="Testcase2" time="0.004"/>
</testsuite> <!-- com.TestNG.TestNGAmazon -->
