<?xml version="1.0" encoding="UTF-8"?>
<!-- Generated by org.testng.reporters.JUnitReportReporter -->
<testsuite hostname="LAPTOP-OBT36B41" failures="0" tests="1" name="com.TestNG.ParamaterAnnotation" time="20.669" errors="0" timestamp="2023-08-04T22:19:28 EDT" skipped="0">
  <testcase classname="com.TestNG.ParamaterAnnotation" name="ParametersTest" time="20.669"/>
</testsuite> <!-- com.TestNG.ParamaterAnnotation -->
